2024-11-18 12:46:19,726 - INFO - 
Starting checks for table: users
2024-11-18 12:46:19,737 - ERROR - Column 'user_id' has values above maximum value of 22
2024-11-18 12:46:19,743 - ERROR - Sample records above maximum value:
   user_id username               email  created_at
0       23    diana   diana@example.com  2022-11-15
1       24   edward  edward@example.com  2022-12-20
2       25    fiona   fiona@example.com  2023-01-25
3       26   george  george@example.com  2023-02-28
4       27   hannah  hannah@example.com  2023-03-05
2024-11-18 12:46:19,745 - INFO - 
Starting checks for table: orders
2024-11-18 12:46:19,748 - INFO - 
Starting checks for table: products
2024-11-18 12:46:19,750 - INFO - Data quality check completed
2024-11-18 12:46:36,645 - INFO - 
Starting checks for table: users
2024-11-18 12:46:36,648 - ERROR - Column 'user_id' has values above maximum value of 22
2024-11-18 12:46:36,649 - ERROR - Sample records above maximum value:
   user_id username               email  created_at
0       23    diana   diana@example.com  2022-11-15
1       24   edward  edward@example.com  2022-12-20
2       25    fiona   fiona@example.com  2023-01-25
3       26   george  george@example.com  2023-02-28
4       27   hannah  hannah@example.com  2023-03-05
2024-11-18 12:46:36,651 - INFO - 
Starting checks for table: orders
2024-11-18 12:46:36,653 - INFO - 
Starting checks for table: products
2024-11-18 12:46:36,655 - INFO - Data quality check completed
2024-11-18 12:48:36,866 - INFO - 
Starting checks for table: users
2024-11-18 12:48:36,869 - ERROR - Column 'user_id' has values above maximum value of 22
2024-11-18 12:48:36,871 - ERROR - Sample records above maximum value:
   user_id username               email  created_at
0       23    diana   diana@example.com  2022-11-15
1       24   edward  edward@example.com  2022-12-20
2       25    fiona   fiona@example.com  2023-01-25
3       26   george  george@example.com  2023-02-28
4       27   hannah  hannah@example.com  2023-03-05
2024-11-18 12:48:36,873 - INFO - 
Starting checks for table: orders
2024-11-18 12:48:36,875 - INFO - 
Starting checks for table: products
2024-11-18 12:48:36,880 - INFO - Data quality check completed
